

Microchip Technology PIC LITE Macro Assembler V1.35 build -356382666 
                                                                                               Sat Oct 31 20:02:09 2015

Microchip Technology Omniscient Code Generator v1.35 (Free mode) build 201507080246
     1                           	processor	16F887
     2                           	opt	pw 120
     3                           	opt	lm
     4                           	psect	idataBANK0,global,class=CODE,delta=2
     5                           	psect	cinit,global,class=CODE,merge=1,delta=2
     6                           	psect	bssBANK0,global,class=BANK0,space=1,delta=1
     7                           	psect	dataBANK0,global,class=BANK0,space=1,delta=1
     8                           	psect	inittext,global,class=CODE,delta=2
     9                           	psect	cstackCOMMON,global,class=COMMON,space=1,delta=1
    10                           	psect	cstackBANK0,global,class=BANK0,space=1,delta=1
    11                           	psect	maintext,global,class=CODE,split=1,delta=2
    12                           	psect	text1,local,class=CODE,merge=1,delta=2
    13                           	psect	text2,local,class=CODE,merge=1,delta=2
    14                           	psect	text3,local,class=CODE,merge=1,delta=2
    15                           	psect	text4,local,class=CODE,merge=1,delta=2
    16                           	psect	text5,local,class=CODE,merge=1,delta=2
    17                           	psect	text6,local,class=CODE,merge=1,delta=2
    18                           	psect	text7,local,class=CODE,merge=1,delta=2
    19                           	psect	text8,local,class=CODE,merge=1,delta=2
    20                           	dabs	1,0x7E,2
    21  0000                     	;# 
    22  0001                     	;# 
    23  0002                     	;# 
    24  0003                     	;# 
    25  0004                     	;# 
    26  0005                     	;# 
    27  0006                     	;# 
    28  0007                     	;# 
    29  0008                     	;# 
    30  0009                     	;# 
    31  000A                     	;# 
    32  000B                     	;# 
    33  000C                     	;# 
    34  000D                     	;# 
    35  000E                     	;# 
    36  000E                     	;# 
    37  000F                     	;# 
    38  0010                     	;# 
    39  0011                     	;# 
    40  0012                     	;# 
    41  0013                     	;# 
    42  0014                     	;# 
    43  0015                     	;# 
    44  0015                     	;# 
    45  0016                     	;# 
    46  0017                     	;# 
    47  0018                     	;# 
    48  0019                     	;# 
    49  001A                     	;# 
    50  001B                     	;# 
    51  001B                     	;# 
    52  001C                     	;# 
    53  001D                     	;# 
    54  001E                     	;# 
    55  001F                     	;# 
    56  0081                     	;# 
    57  0085                     	;# 
    58  0086                     	;# 
    59  0087                     	;# 
    60  0088                     	;# 
    61  0089                     	;# 
    62  008C                     	;# 
    63  008D                     	;# 
    64  008E                     	;# 
    65  008F                     	;# 
    66  0090                     	;# 
    67  0091                     	;# 
    68  0092                     	;# 
    69  0093                     	;# 
    70  0093                     	;# 
    71  0093                     	;# 
    72  0094                     	;# 
    73  0095                     	;# 
    74  0096                     	;# 
    75  0097                     	;# 
    76  0098                     	;# 
    77  0099                     	;# 
    78  009A                     	;# 
    79  009B                     	;# 
    80  009C                     	;# 
    81  009D                     	;# 
    82  009E                     	;# 
    83  009F                     	;# 
    84  0105                     	;# 
    85  0107                     	;# 
    86  0108                     	;# 
    87  0109                     	;# 
    88  010C                     	;# 
    89  010C                     	;# 
    90  010D                     	;# 
    91  010E                     	;# 
    92  010F                     	;# 
    93  0185                     	;# 
    94  0187                     	;# 
    95  0188                     	;# 
    96  0189                     	;# 
    97  018C                     	;# 
    98  018D                     	;# 
    99                           
   100                           	psect	idataBANK0
   101  049E                     __pidataBANK0:	
   102                           
   103                           ;initializer for _index2
   104  049E  3401               	retlw	1
   105                           
   106                           ;initializer for _index3
   107  049F  3402               	retlw	2
   108                           
   109                           ;initializer for _index5
   110  04A0  3401               	retlw	1
   111                           
   112                           ;initializer for _index6
   113  04A1  3402               	retlw	2
   114                           
   115                           ;initializer for _LEDData
   116  04A2  34FF               	retlw	255
   117  04A3  3400               	retlw	0
   118  04A4  3400               	retlw	0
   119  04A5  3400               	retlw	0
   120  04A6  3400               	retlw	0
   121  04A7  3400               	retlw	0
   122  04A8  3400               	retlw	0
   123  04A9  3400               	retlw	0
   124  04AA  34FF               	retlw	255
   125  04AB  3400               	retlw	0
   126  04AC  3400               	retlw	0
   127  04AD  3400               	retlw	0
   128  04AE  3400               	retlw	0
   129  04AF  3400               	retlw	0
   130  04B0  3400               	retlw	0
   131  04B1  3400               	retlw	0
   132  04B2  34FF               	retlw	255
   133  04B3  3400               	retlw	0
   134  04B4  34FF               	retlw	255
   135  04B5  3400               	retlw	0
   136  04B6  3400               	retlw	0
   137  04B7  3400               	retlw	0
   138  04B8  3400               	retlw	0
   139  04B9  3400               	retlw	0
   140  04BA  3400               	retlw	0
   141  04BB  3400               	retlw	0
   142  04BC  34FF               	retlw	255
   143  04BD  3400               	retlw	0
   144  04BE  3400               	retlw	0
   145  04BF  3400               	retlw	0
   146  04C0  3400               	retlw	0
   147  04C1  3400               	retlw	0
   148  04C2  3400               	retlw	0
   149  04C3  3400               	retlw	0
   150  04C4  34FF               	retlw	255
   151  04C5  3400               	retlw	0
   152  005F                     _GIE	set	95
   153  0040                     _RD0	set	64
   154  0440                     _TRISD0	set	1088
   155                           
   156                           ; #config settings
   157  0000                     
   158                           	psect	cinit
   159  07EC                     start_initialization:	
   160  07EC                     __initialization:	
   161                           
   162                           ; Clear objects allocated to BANK0
   163  07EC  01E1               	clrf	__pbssBANK0& (0+127)
   164  07ED  01E2               	clrf	(__pbssBANK0+1)& (0+127)
   165  07EE  01E3               	clrf	(__pbssBANK0+2)& (0+127)
   166  07EF  01E4               	clrf	(__pbssBANK0+3)& (0+127)
   167                           
   168                           ; Initialize objects allocated to BANK0
   169  07F0  1383               	bcf	3,7	;select IRP bank0
   170  07F1  3048               	movlw	low (__pdataBANK0+40)
   171  07F2  00FD               	movwf	btemp+-1
   172  07F3  3004               	movlw	high __pidataBANK0
   173  07F4  00FE               	movwf	btemp
   174  07F5  309E               	movlw	low __pidataBANK0
   175  07F6  00FF               	movwf	btemp+1
   176  07F7  3020               	movlw	low __pdataBANK0
   177  07F8  0084               	movwf	4
   178  07F9  120A  118A  2475   	fcall	init_ram0
   179  07FC                     end_of_initialization:	
   180                           ;End of C runtime variable initialization code
   181                           
   182  07FC                     __end_of__initialization:	
   183  07FC  0183               	clrf	3
   184  07FD  120A  118A  2D7E   	ljmp	_main	;jump to C main() function
   185                           
   186                           	psect	bssBANK0
   187  0061                     __pbssBANK0:	
   188  0061                     _i:	
   189  0061                     	ds	1
   190  0062                     _index1:	
   191  0062                     	ds	1
   192  0063                     _index4:	
   193  0063                     	ds	1
   194  0064                     _indexHelp:	
   195  0064                     	ds	1
   196                           
   197                           	psect	dataBANK0
   198  0020                     __pdataBANK0:	
   199  0020                     _index2:	
   200  0020                     	ds	1
   201  0021                     _index3:	
   202  0021                     	ds	1
   203  0022                     _index5:	
   204  0022                     	ds	1
   205  0023                     _index6:	
   206  0023                     	ds	1
   207  0024                     _LEDData:	
   208  0024                     	ds	36
   209                           
   210                           	psect	inittext
   211  0471                     init_fetch0:	
   212                           ;	Called with low address in FSR and high address in W
   213                           
   214  0471  087E               	movf	126,w
   215  0472  008A               	movwf	10
   216  0473  087F               	movf	127,w
   217  0474  0082               	movwf	2
   218  0475                     init_ram0:	
   219                           ;Called with:
   220                           ;	high address of idata address in btemp 
   221                           ;	low address of idata address in btemp+1 
   222                           ;	low address of data in FSR
   223                           ;	high address + 1 of data in btemp-1
   224                           
   225  0475  2471  120A  118A   	fcall	init_fetch0
   226  0478  0080               	movwf	0
   227  0479  0A84               	incf	4,f
   228  047A  0804               	movf	4,w
   229  047B  067D               	xorwf	125,w
   230  047C  1903               	btfsc	3,2
   231  047D  3400               	retlw	0
   232  047E  0AFF               	incf	127,f
   233  047F  1903               	btfsc	3,2
   234  0480  0AFE               	incf	126,f
   235  0481  2C75               	goto	init_ram0
   236                           
   237                           	psect	cstackCOMMON
   238  0070                     __pcstackCOMMON:	
   239  0070                     ?__0:	
   240  0070                     ??__0:	
   241                           ; 0 bytes @ 0x0
   242                           
   243  0070                     ?__1:	
   244                           ; 0 bytes @ 0x0
   245                           
   246  0070                     ??__1:	
   247                           ; 0 bytes @ 0x0
   248                           
   249  0070                     ?_initLED:	
   250                           ; 0 bytes @ 0x0
   251                           
   252  0070                     ??_initLED:	
   253                           ; 0 bytes @ 0x0
   254                           
   255  0070                     ?_sendBit:	
   256                           ; 0 bytes @ 0x0
   257                           
   258  0070                     ??_sendBit:	
   259                           ; 0 bytes @ 0x0
   260                           
   261  0070                     ?_resetLED:	
   262                           ; 0 bytes @ 0x0
   263                           
   264  0070                     ??_resetLED:	
   265                           ; 0 bytes @ 0x0
   266                           
   267  0070                     ?_main:	
   268                           ; 0 bytes @ 0x0
   269                           
   270  0070                     ?___bmul:	
   271                           ; 0 bytes @ 0x0
   272                           
   273  0070                     sendBit@HL:	
   274                           ; 1 bytes @ 0x0
   275                           
   276  0070                     sendLEDData@LED:	
   277                           ; 1 bytes @ 0x0
   278                           
   279  0070                     ___bmul@multiplicand:	
   280                           ; 1 bytes @ 0x0
   281                           
   282                           
   283                           ; 1 bytes @ 0x0
   284  0070                     	ds	1
   285  0071                     ??___bmul:	
   286                           
   287                           ; 0 bytes @ 0x1
   288  0071                     	ds	1
   289  0072                     ___bmul@product:	
   290                           
   291                           ; 1 bytes @ 0x2
   292  0072                     	ds	1
   293  0073                     ___bmul@multiplier:	
   294                           
   295                           ; 1 bytes @ 0x3
   296  0073                     	ds	1
   297  0074                     ?_sendRGB:	
   298  0074                     sendRGB@green:	
   299                           ; 0 bytes @ 0x4
   300                           
   301                           
   302                           ; 1 bytes @ 0x4
   303  0074                     	ds	1
   304  0075                     sendRGB@blue:	
   305                           
   306                           ; 1 bytes @ 0x5
   307  0075                     	ds	1
   308  0076                     ??_sendRGB:	
   309                           
   310                           ; 0 bytes @ 0x6
   311  0076                     	ds	1
   312  0077                     ?_sendLEDData:	
   313  0077                     sendLEDData@LEDNumber:	
   314                           ; 0 bytes @ 0x7
   315                           
   316                           
   317                           ; 1 bytes @ 0x7
   318  0077                     	ds	1
   319  0078                     ??_sendLEDData:	
   320                           
   321                           ; 0 bytes @ 0x8
   322  0078                     	ds	5
   323  007D                     sendLEDData@i:	
   324                           
   325                           ; 1 bytes @ 0xD
   326  007D                     	ds	1
   327                           
   328                           	psect	cstackBANK0
   329  0048                     __pcstackBANK0:	
   330  0048                     _sendRGB$53:	
   331                           
   332                           ; 1 bytes @ 0x0
   333  0048                     	ds	1
   334  0049                     _sendRGB$54:	
   335                           
   336                           ; 1 bytes @ 0x1
   337  0049                     	ds	1
   338  004A                     _sendRGB$55:	
   339                           
   340                           ; 1 bytes @ 0x2
   341  004A                     	ds	1
   342  004B                     _sendRGB$56:	
   343                           
   344                           ; 1 bytes @ 0x3
   345  004B                     	ds	1
   346  004C                     _sendRGB$57:	
   347                           
   348                           ; 1 bytes @ 0x4
   349  004C                     	ds	1
   350  004D                     _sendRGB$58:	
   351                           
   352                           ; 1 bytes @ 0x5
   353  004D                     	ds	1
   354  004E                     _sendRGB$59:	
   355                           
   356                           ; 1 bytes @ 0x6
   357  004E                     	ds	1
   358  004F                     _sendRGB$60:	
   359                           
   360                           ; 1 bytes @ 0x7
   361  004F                     	ds	1
   362  0050                     _sendRGB$61:	
   363                           
   364                           ; 1 bytes @ 0x8
   365  0050                     	ds	1
   366  0051                     _sendRGB$62:	
   367                           
   368                           ; 1 bytes @ 0x9
   369  0051                     	ds	1
   370  0052                     _sendRGB$63:	
   371                           
   372                           ; 1 bytes @ 0xA
   373  0052                     	ds	1
   374  0053                     _sendRGB$64:	
   375                           
   376                           ; 1 bytes @ 0xB
   377  0053                     	ds	1
   378  0054                     _sendRGB$65:	
   379                           
   380                           ; 1 bytes @ 0xC
   381  0054                     	ds	1
   382  0055                     _sendRGB$66:	
   383                           
   384                           ; 1 bytes @ 0xD
   385  0055                     	ds	1
   386  0056                     _sendRGB$67:	
   387                           
   388                           ; 1 bytes @ 0xE
   389  0056                     	ds	1
   390  0057                     _sendRGB$68:	
   391                           
   392                           ; 1 bytes @ 0xF
   393  0057                     	ds	1
   394  0058                     _sendRGB$69:	
   395                           
   396                           ; 1 bytes @ 0x10
   397  0058                     	ds	1
   398  0059                     _sendRGB$70:	
   399                           
   400                           ; 1 bytes @ 0x11
   401  0059                     	ds	1
   402  005A                     _sendRGB$71:	
   403                           
   404                           ; 1 bytes @ 0x12
   405  005A                     	ds	1
   406  005B                     _sendRGB$72:	
   407                           
   408                           ; 1 bytes @ 0x13
   409  005B                     	ds	1
   410  005C                     _sendRGB$73:	
   411                           
   412                           ; 1 bytes @ 0x14
   413  005C                     	ds	1
   414  005D                     sendRGB@red:	
   415                           
   416                           ; 1 bytes @ 0x15
   417  005D                     	ds	1
   418  005E                     ??_main:	
   419                           
   420                           ; 0 bytes @ 0x16
   421  005E                     	ds	3
   422                           
   423                           	psect	maintext
   424  057E                     __pmaintext:	
   425 ;;
   426 ;;Main: autosize = 0, tempsize = 3, incstack = 0, save=0
   427 ;;
   428 ;; *************** function _main *****************
   429 ;; Defined at:
   430 ;;		line 211 in file "WS_Chip.c"
   431 ;; Parameters:    Size  Location     Type
   432 ;;		None
   433 ;; Auto vars:     Size  Location     Type
   434 ;;		None
   435 ;; Return value:  Size  Location     Type
   436 ;;		None               void
   437 ;; Registers used:
   438 ;;		wreg, fsr0l, fsr0h, status,2, status,0, pclath, cstack
   439 ;; Tracked objects:
   440 ;;		On entry : B00/0
   441 ;;		On exit  : 0/0
   442 ;;		Unchanged: 0/0
   443 ;; Data sizes:     COMMON   BANK0   BANK1   BANK3   BANK2
   444 ;;      Params:         0       0       0       0       0
   445 ;;      Locals:         0       0       0       0       0
   446 ;;      Temps:          0       3       0       0       0
   447 ;;      Totals:         0       3       0       0       0
   448 ;;Total ram usage:        3 bytes
   449 ;; Hardware stack levels required when called:    3
   450 ;; This function calls:
   451 ;;		___bmul
   452 ;;		_initLED
   453 ;;		_resetLED
   454 ;;		_sendLEDData
   455 ;; This function is called by:
   456 ;;		Startup code after reset
   457 ;; This function uses a non-reentrant model
   458 ;;
   459                           
   460                           
   461                           ;psect for function _main
   462  057E                     _main:	
   463                           
   464                           ;WS_Chip.c: 213: GIE = 0;
   465                           
   466                           ;incstack = 0
   467                           ; Regs used in _main: [wreg-fsr0h+status,2+status,0+pclath+cstack]
   468  057E  138B               	bcf	11,7	;volatile
   469                           
   470                           ;WS_Chip.c: 215: TRISD0 = 0;
   471  057F  1683               	bsf	3,5	;RP0=1, select bank1
   472  0580  1303               	bcf	3,6	;RP1=0, select bank1
   473  0581  1008               	bcf	8,0	;volatile
   474                           
   475                           ;WS_Chip.c: 216: RD0 = 1;
   476  0582  1283               	bcf	3,5	;RP0=0, select bank0
   477  0583  1303               	bcf	3,6	;RP1=0, select bank0
   478  0584  1408               	bsf	8,0	;volatile
   479                           
   480                           ;WS_Chip.c: 218: initLED();
   481  0585  120A  118A  2507  120A  118A  	fcall	_initLED
   482                           
   483                           ;WS_Chip.c: 220: _delay((unsigned long)((500)*(20000000/4000000.0)));
   484  058A  3004               	movlw	4
   485  058B  1283               	bcf	3,5	;RP0=0, select bank0
   486  058C  1303               	bcf	3,6	;RP1=0, select bank0
   487  058D  00DF               	movwf	??_main+1
   488  058E  303D               	movlw	61
   489  058F  00DE               	movwf	??_main
   490  0590                     u527:	
   491  0590  0BDE               	decfsz	??_main,f
   492  0591  2D90               	goto	u527
   493  0592  0BDF               	decfsz	??_main+1,f
   494  0593  2D90               	goto	u527
   495  0594  2D95               	nop2
   496                           
   497                           ;WS_Chip.c: 376: sendLEDData(LEDData,3);
   498  0595  3003               	movlw	3
   499  0596  1283               	bcf	3,5	;RP0=0, select bank0
   500  0597  1303               	bcf	3,6	;RP1=0, select bank0
   501  0598  00DE               	movwf	??_main
   502  0599  085E               	movf	??_main,w
   503  059A  00F7               	movwf	sendLEDData@LEDNumber
   504  059B  3024               	movlw	(low _LEDData)& (0+255)
   505  059C  120A  118A  24C6  120A  118A  	fcall	_sendLEDData
   506                           
   507                           ;WS_Chip.c: 378: resetLED();
   508  05A1  120A  118A  2447  120A  118A  	fcall	_resetLED
   509                           
   510                           ;WS_Chip.c: 379: _delay((unsigned long)((1000)*(20000000/4000.0)));
   511  05A6  301A               	movlw	26
   512  05A7  1283               	bcf	3,5	;RP0=0, select bank0
   513  05A8  1303               	bcf	3,6	;RP1=0, select bank0
   514  05A9  00E0               	movwf	??_main+2
   515  05AA  305E               	movlw	94
   516  05AB  00DF               	movwf	??_main+1
   517  05AC  3086               	movlw	134
   518  05AD  00DE               	movwf	??_main
   519  05AE                     u537:	
   520  05AE  0BDE               	decfsz	??_main,f
   521  05AF  2DAE               	goto	u537
   522  05B0  0BDF               	decfsz	??_main+1,f
   523  05B1  2DAE               	goto	u537
   524  05B2  0BE0               	decfsz	??_main+2,f
   525  05B3  2DAE               	goto	u537
   526  05B4  0000               	nop
   527                           
   528                           ;WS_Chip.c: 385: LEDData[0][0] = 0x00;
   529  05B5  1283               	bcf	3,5	;RP0=0, select bank0
   530  05B6  1303               	bcf	3,6	;RP1=0, select bank0
   531  05B7  01A4               	clrf	_LEDData
   532  05B8  01A5               	clrf	_LEDData+1
   533                           
   534                           ;WS_Chip.c: 386: LEDData[0][1] = 0xff;
   535  05B9  30FF               	movlw	255
   536  05BA  00A6               	movwf	_LEDData+2
   537  05BB  3000               	movlw	0
   538  05BC  00A7               	movwf	_LEDData+3
   539                           
   540                           ;WS_Chip.c: 387: LEDData[0][2] = 0x00;
   541  05BD  01A8               	clrf	_LEDData+4
   542  05BE  01A9               	clrf	_LEDData+5
   543                           
   544                           ;WS_Chip.c: 389: LEDData[1][0] = 0x00;
   545  05BF  01AA               	clrf	_LEDData+6
   546  05C0  01AB               	clrf	_LEDData+7
   547                           
   548                           ;WS_Chip.c: 390: LEDData[1][1] = 0x00;
   549  05C1  01AC               	clrf	_LEDData+8
   550  05C2  01AD               	clrf	_LEDData+9
   551                           
   552                           ;WS_Chip.c: 391: LEDData[1][2] = 0xff;
   553  05C3  30FF               	movlw	255
   554  05C4  00AE               	movwf	_LEDData+10
   555  05C5  3000               	movlw	0
   556  05C6  00AF               	movwf	_LEDData+11
   557                           
   558                           ;WS_Chip.c: 393: LEDData[2][0] = 0xff;
   559  05C7  30FF               	movlw	255
   560  05C8  00B0               	movwf	_LEDData+12
   561  05C9  3000               	movlw	0
   562  05CA  00B1               	movwf	_LEDData+13
   563                           
   564                           ;WS_Chip.c: 394: LEDData[2][1] = 0x00;
   565  05CB  01B2               	clrf	_LEDData+14
   566  05CC  01B3               	clrf	_LEDData+15
   567                           
   568                           ;WS_Chip.c: 395: LEDData[2][2] = 0x00;
   569  05CD  01B4               	clrf	_LEDData+16
   570  05CE  01B5               	clrf	_LEDData+17
   571  05CF                     l103:	
   572                           ;WS_Chip.c: 404: while(1)
   573                           
   574                           
   575                           ;WS_Chip.c: 405: {
   576                           ;WS_Chip.c: 406: LEDData[index1][0] = 0xff;
   577  05CF  3006               	movlw	6
   578  05D0  1283               	bcf	3,5	;RP0=0, select bank0
   579  05D1  1303               	bcf	3,6	;RP1=0, select bank0
   580  05D2  00DE               	movwf	??_main
   581  05D3  085E               	movf	??_main,w
   582  05D4  00F0               	movwf	___bmul@multiplicand
   583  05D5  0862               	movf	_index1,w
   584  05D6  120A  118A  2460  120A  118A  	fcall	___bmul
   585  05DB  3E24               	addlw	(low (_LEDData| 0))& (0+255)
   586  05DC  0084               	movwf	4
   587  05DD  30FF               	movlw	255
   588  05DE  1383               	bcf	3,7	;select IRP bank0
   589  05DF  0080               	movwf	0
   590  05E0  0A84               	incf	4,f
   591  05E1  3000               	movlw	0
   592  05E2  0080               	movwf	0
   593                           
   594                           ;WS_Chip.c: 407: LEDData[index1][1] = 0x00;
   595  05E3  3006               	movlw	6
   596  05E4  1283               	bcf	3,5	;RP0=0, select bank0
   597  05E5  1303               	bcf	3,6	;RP1=0, select bank0
   598  05E6  00DE               	movwf	??_main
   599  05E7  085E               	movf	??_main,w
   600  05E8  00F0               	movwf	___bmul@multiplicand
   601  05E9  0862               	movf	_index1,w
   602  05EA  120A  118A  2460  120A  118A  	fcall	___bmul
   603  05EF  3E02               	addlw	2
   604  05F0  3E24               	addlw	(low (_LEDData| 0))& (0+255)
   605  05F1  0084               	movwf	4
   606  05F2  1383               	bcf	3,7	;select IRP bank0
   607  05F3  0180               	clrf	0
   608  05F4  0A84               	incf	4,f
   609  05F5  0180               	clrf	0
   610                           
   611                           ;WS_Chip.c: 408: LEDData[index1][2] = 0x00;
   612  05F6  3006               	movlw	6
   613  05F7  1283               	bcf	3,5	;RP0=0, select bank0
   614  05F8  1303               	bcf	3,6	;RP1=0, select bank0
   615  05F9  00DE               	movwf	??_main
   616  05FA  085E               	movf	??_main,w
   617  05FB  00F0               	movwf	___bmul@multiplicand
   618  05FC  0862               	movf	_index1,w
   619  05FD  120A  118A  2460  120A  118A  	fcall	___bmul
   620  0602  3E04               	addlw	4
   621  0603  3E24               	addlw	(low (_LEDData| 0))& (0+255)
   622  0604  0084               	movwf	4
   623  0605  1383               	bcf	3,7	;select IRP bank0
   624  0606  0180               	clrf	0
   625  0607  0A84               	incf	4,f
   626  0608  0180               	clrf	0
   627                           
   628                           ;WS_Chip.c: 410: LEDData[index2][0] = 0x00;
   629  0609  3006               	movlw	6
   630  060A  1283               	bcf	3,5	;RP0=0, select bank0
   631  060B  1303               	bcf	3,6	;RP1=0, select bank0
   632  060C  00DE               	movwf	??_main
   633  060D  085E               	movf	??_main,w
   634  060E  00F0               	movwf	___bmul@multiplicand
   635  060F  0820               	movf	_index2,w
   636  0610  120A  118A  2460  120A  118A  	fcall	___bmul
   637  0615  3E24               	addlw	(low (_LEDData| 0))& (0+255)
   638  0616  0084               	movwf	4
   639  0617  1383               	bcf	3,7	;select IRP bank0
   640  0618  0180               	clrf	0
   641  0619  0A84               	incf	4,f
   642  061A  0180               	clrf	0
   643                           
   644                           ;WS_Chip.c: 411: LEDData[index2][1] = 0xff;
   645  061B  3006               	movlw	6
   646  061C  1283               	bcf	3,5	;RP0=0, select bank0
   647  061D  1303               	bcf	3,6	;RP1=0, select bank0
   648  061E  00DE               	movwf	??_main
   649  061F  085E               	movf	??_main,w
   650  0620  00F0               	movwf	___bmul@multiplicand
   651  0621  0820               	movf	_index2,w
   652  0622  120A  118A  2460  120A  118A  	fcall	___bmul
   653  0627  3E02               	addlw	2
   654  0628  3E24               	addlw	(low (_LEDData| 0))& (0+255)
   655  0629  0084               	movwf	4
   656  062A  30FF               	movlw	255
   657  062B  1383               	bcf	3,7	;select IRP bank0
   658  062C  0080               	movwf	0
   659  062D  0A84               	incf	4,f
   660  062E  3000               	movlw	0
   661  062F  0080               	movwf	0
   662                           
   663                           ;WS_Chip.c: 412: LEDData[index2][2] = 0x00;
   664  0630  3006               	movlw	6
   665  0631  1283               	bcf	3,5	;RP0=0, select bank0
   666  0632  1303               	bcf	3,6	;RP1=0, select bank0
   667  0633  00DE               	movwf	??_main
   668  0634  085E               	movf	??_main,w
   669  0635  00F0               	movwf	___bmul@multiplicand
   670  0636  0820               	movf	_index2,w
   671  0637  120A  118A  2460  120A  118A  	fcall	___bmul
   672  063C  3E04               	addlw	4
   673  063D  3E24               	addlw	(low (_LEDData| 0))& (0+255)
   674  063E  0084               	movwf	4
   675  063F  1383               	bcf	3,7	;select IRP bank0
   676  0640  0180               	clrf	0
   677  0641  0A84               	incf	4,f
   678  0642  0180               	clrf	0
   679                           
   680                           ;WS_Chip.c: 414: LEDData[index3][0] = 0x00;
   681  0643  3006               	movlw	6
   682  0644  1283               	bcf	3,5	;RP0=0, select bank0
   683  0645  1303               	bcf	3,6	;RP1=0, select bank0
   684  0646  00DE               	movwf	??_main
   685  0647  085E               	movf	??_main,w
   686  0648  00F0               	movwf	___bmul@multiplicand
   687  0649  0821               	movf	_index3,w
   688  064A  120A  118A  2460  120A  118A  	fcall	___bmul
   689  064F  3E24               	addlw	(low (_LEDData| 0))& (0+255)
   690  0650  0084               	movwf	4
   691  0651  1383               	bcf	3,7	;select IRP bank0
   692  0652  0180               	clrf	0
   693  0653  0A84               	incf	4,f
   694  0654  0180               	clrf	0
   695                           
   696                           ;WS_Chip.c: 415: LEDData[index3][1] = 0x00;
   697  0655  3006               	movlw	6
   698  0656  1283               	bcf	3,5	;RP0=0, select bank0
   699  0657  1303               	bcf	3,6	;RP1=0, select bank0
   700  0658  00DE               	movwf	??_main
   701  0659  085E               	movf	??_main,w
   702  065A  00F0               	movwf	___bmul@multiplicand
   703  065B  0821               	movf	_index3,w
   704  065C  120A  118A  2460  120A  118A  	fcall	___bmul
   705  0661  3E02               	addlw	2
   706  0662  3E24               	addlw	(low (_LEDData| 0))& (0+255)
   707  0663  0084               	movwf	4
   708  0664  1383               	bcf	3,7	;select IRP bank0
   709  0665  0180               	clrf	0
   710  0666  0A84               	incf	4,f
   711  0667  0180               	clrf	0
   712                           
   713                           ;WS_Chip.c: 416: LEDData[index3][2] = 0xff;
   714  0668  3006               	movlw	6
   715  0669  1283               	bcf	3,5	;RP0=0, select bank0
   716  066A  1303               	bcf	3,6	;RP1=0, select bank0
   717  066B  00DE               	movwf	??_main
   718  066C  085E               	movf	??_main,w
   719  066D  00F0               	movwf	___bmul@multiplicand
   720  066E  0821               	movf	_index3,w
   721  066F  120A  118A  2460  120A  118A  	fcall	___bmul
   722  0674  3E04               	addlw	4
   723  0675  3E24               	addlw	(low (_LEDData| 0))& (0+255)
   724  0676  0084               	movwf	4
   725  0677  30FF               	movlw	255
   726  0678  1383               	bcf	3,7	;select IRP bank0
   727  0679  0080               	movwf	0
   728  067A  0A84               	incf	4,f
   729  067B  3000               	movlw	0
   730  067C  0080               	movwf	0
   731                           
   732                           ;WS_Chip.c: 420: indexHelp = index1;
   733  067D  1283               	bcf	3,5	;RP0=0, select bank0
   734  067E  1303               	bcf	3,6	;RP1=0, select bank0
   735  067F  0862               	movf	_index1,w
   736  0680  00DE               	movwf	??_main
   737  0681  085E               	movf	??_main,w
   738  0682  00E4               	movwf	_indexHelp
   739                           
   740                           ;WS_Chip.c: 421: index1 = index2;
   741  0683  0820               	movf	_index2,w
   742  0684  00DE               	movwf	??_main
   743  0685  085E               	movf	??_main,w
   744  0686  00E2               	movwf	_index1
   745                           
   746                           ;WS_Chip.c: 422: index2 = index3;
   747  0687  0821               	movf	_index3,w
   748  0688  00DE               	movwf	??_main
   749  0689  085E               	movf	??_main,w
   750  068A  00A0               	movwf	_index2
   751                           
   752                           ;WS_Chip.c: 423: index3 = indexHelp;
   753  068B  0864               	movf	_indexHelp,w
   754  068C  00DE               	movwf	??_main
   755  068D  085E               	movf	??_main,w
   756  068E  00A1               	movwf	_index3
   757                           
   758                           ;WS_Chip.c: 426: sendLEDData(LEDData,3);
   759  068F  3003               	movlw	3
   760  0690  00DE               	movwf	??_main
   761  0691  085E               	movf	??_main,w
   762  0692  00F7               	movwf	sendLEDData@LEDNumber
   763  0693  3024               	movlw	(low _LEDData)& (0+255)
   764  0694  120A  118A  24C6  120A  118A  	fcall	_sendLEDData
   765                           
   766                           ;WS_Chip.c: 427: resetLED();
   767  0699  120A  118A  2447  120A  118A  	fcall	_resetLED
   768                           
   769                           ;WS_Chip.c: 428: _delay((unsigned long)((100)*(20000000/4000.0)));
   770  069E  3003               	movlw	3
   771  069F  1283               	bcf	3,5	;RP0=0, select bank0
   772  06A0  1303               	bcf	3,6	;RP1=0, select bank0
   773  06A1  00E0               	movwf	??_main+2
   774  06A2  308A               	movlw	138
   775  06A3  00DF               	movwf	??_main+1
   776  06A4  3056               	movlw	86
   777  06A5  00DE               	movwf	??_main
   778  06A6                     u547:	
   779  06A6  0BDE               	decfsz	??_main,f
   780  06A7  2EA6               	goto	u547
   781  06A8  0BDF               	decfsz	??_main+1,f
   782  06A9  2EA6               	goto	u547
   783  06AA  0BE0               	decfsz	??_main+2,f
   784  06AB  2EA6               	goto	u547
   785  06AC  2EAD               	nop2
   786  06AD  2DCF               	goto	l103
   787  06AE                     __end_of_main:	
   788                           
   789                           	psect	text1
   790  04C6                     __ptext1:	
   791 ;; *************** function _sendLEDData *****************
   792 ;; Defined at:
   793 ;;		line 196 in file "WS_Chip.c"
   794 ;; Parameters:    Size  Location     Type
   795 ;;  LED             1    wreg     unsigned char 
   796 ;;  LEDNumber       1    7[COMMON] unsigned char 
   797 ;; Auto vars:     Size  Location     Type
   798 ;;  LED             1    0[COMMON] unsigned char 
   799 ;;  i               1   13[COMMON] unsigned char 
   800 ;; Return value:  Size  Location     Type
   801 ;;		None               void
   802 ;; Registers used:
   803 ;;		wreg, fsr0l, fsr0h, status,2, status,0, pclath, cstack
   804 ;; Tracked objects:
   805 ;;		On entry : 0/0
   806 ;;		On exit  : 0/0
   807 ;;		Unchanged: 0/0
   808 ;; Data sizes:     COMMON   BANK0   BANK1   BANK3   BANK2
   809 ;;      Params:         1       0       0       0       0
   810 ;;      Locals:         1       0       0       0       0
   811 ;;      Temps:          5       0       0       0       0
   812 ;;      Totals:         7       0       0       0       0
   813 ;;Total ram usage:        7 bytes
   814 ;; Hardware stack levels used:    1
   815 ;; Hardware stack levels required when called:    2
   816 ;; This function calls:
   817 ;;		___bmul
   818 ;;		_sendRGB
   819 ;; This function is called by:
   820 ;;		_main
   821 ;; This function uses a non-reentrant model
   822 ;;
   823                           
   824                           
   825                           ;psect for function _sendLEDData
   826  04C6                     _sendLEDData:	
   827                           
   828                           ;WS_Chip.c: 198: unsigned char i = 0;
   829                           
   830                           ;incstack = 0
   831                           ; Regs used in _sendLEDData: [wreg-fsr0h+status,2+status,0+pclath+cstack]
   832  04C6  01FD               	clrf	sendLEDData@i
   833  04C7                     l1018:	
   834                           ;WS_Chip.c: 199: while(LEDNumber > i)
   835                           
   836  04C7  0877               	movf	sendLEDData@LEDNumber,w
   837  04C8  027D               	subwf	sendLEDData@i,w
   838  04C9  1803               	btfsc	3,0
   839  04CA  0008               	return
   840                           
   841                           ;WS_Chip.c: 200: {
   842                           ;WS_Chip.c: 201: sendRGB(LEDData[i][0], LEDData[i][1], LEDData[i][2]);
   843  04CB  3006               	movlw	6
   844  04CC  00F8               	movwf	??_sendLEDData
   845  04CD  0878               	movf	??_sendLEDData,w
   846  04CE  00F0               	movwf	___bmul@multiplicand
   847  04CF  087D               	movf	sendLEDData@i,w
   848  04D0  120A  118A  2460  120A  118A  	fcall	___bmul
   849  04D5  3E02               	addlw	2
   850  04D6  3E24               	addlw	(low (_LEDData| 0))& (0+255)
   851  04D7  0084               	movwf	4
   852  04D8  1383               	bcf	3,7	;select IRP bank0
   853  04D9  0800               	movf	0,w
   854  04DA  00F9               	movwf	??_sendLEDData+1
   855  04DB  0879               	movf	??_sendLEDData+1,w
   856  04DC  00F4               	movwf	sendRGB@green
   857  04DD  3006               	movlw	6
   858  04DE  00FA               	movwf	??_sendLEDData+2
   859  04DF  087A               	movf	??_sendLEDData+2,w
   860  04E0  00F0               	movwf	___bmul@multiplicand
   861  04E1  087D               	movf	sendLEDData@i,w
   862  04E2  120A  118A  2460  120A  118A  	fcall	___bmul
   863  04E7  3E04               	addlw	4
   864  04E8  3E24               	addlw	(low (_LEDData| 0))& (0+255)
   865  04E9  0084               	movwf	4
   866  04EA  1383               	bcf	3,7	;select IRP bank0
   867  04EB  0800               	movf	0,w
   868  04EC  00FB               	movwf	??_sendLEDData+3
   869  04ED  087B               	movf	??_sendLEDData+3,w
   870  04EE  00F5               	movwf	sendRGB@blue
   871  04EF  3006               	movlw	6
   872  04F0  00FC               	movwf	??_sendLEDData+4
   873  04F1  087C               	movf	??_sendLEDData+4,w
   874  04F2  00F0               	movwf	___bmul@multiplicand
   875  04F3  087D               	movf	sendLEDData@i,w
   876  04F4  120A  118A  2460  120A  118A  	fcall	___bmul
   877  04F9  3E24               	addlw	(low (_LEDData| 0))& (0+255)
   878  04FA  0084               	movwf	4
   879  04FB  1383               	bcf	3,7	;select IRP bank0
   880  04FC  0800               	movf	0,w
   881  04FD  120A  118A  26AE  120A  118A  	fcall	_sendRGB
   882                           
   883                           ;WS_Chip.c: 202: i++;
   884  0502  3001               	movlw	1
   885  0503  00F8               	movwf	??_sendLEDData
   886  0504  0878               	movf	??_sendLEDData,w
   887  0505  07FD               	addwf	sendLEDData@i,f
   888  0506  2CC7               	goto	l1018
   889  0507                     __end_of_sendLEDData:	
   890                           
   891                           	psect	text2
   892  06AE                     __ptext2:	
   893 ;; *************** function _sendRGB *****************
   894 ;; Defined at:
   895 ;;		line 164 in file "WS_Chip.c"
   896 ;; Parameters:    Size  Location     Type
   897 ;;  red             1    wreg     unsigned char 
   898 ;;  green           1    4[COMMON] unsigned char 
   899 ;;  blue            1    5[COMMON] unsigned char 
   900 ;; Auto vars:     Size  Location     Type
   901 ;;  red             1   21[BANK0 ] unsigned char 
   902 ;; Return value:  Size  Location     Type
   903 ;;		None               void
   904 ;; Registers used:
   905 ;;		wreg, status,2, status,0, pclath, cstack
   906 ;; Tracked objects:
   907 ;;		On entry : 0/0
   908 ;;		On exit  : 0/0
   909 ;;		Unchanged: 0/0
   910 ;; Data sizes:     COMMON   BANK0   BANK1   BANK3   BANK2
   911 ;;      Params:         2       0       0       0       0
   912 ;;      Locals:         0      22       0       0       0
   913 ;;      Temps:          1       0       0       0       0
   914 ;;      Totals:         3      22       0       0       0
   915 ;;Total ram usage:       25 bytes
   916 ;; Hardware stack levels used:    1
   917 ;; Hardware stack levels required when called:    1
   918 ;; This function calls:
   919 ;;		_sendBit
   920 ;; This function is called by:
   921 ;;		_sendLEDData
   922 ;; This function uses a non-reentrant model
   923 ;;
   924                           
   925                           
   926                           ;psect for function _sendRGB
   927  06AE                     _sendRGB:	
   928                           
   929                           ;incstack = 0
   930                           ; Regs used in _sendRGB: [wreg+status,2+status,0+pclath+cstack]
   931                           ;sendRGB@red stored from wreg
   932  06AE  1283               	bcf	3,5	;RP0=0, select bank0
   933  06AF  1303               	bcf	3,6	;RP1=0, select bank0
   934  06B0  00DD               	movwf	sendRGB@red
   935                           
   936                           ;WS_Chip.c: 166: sendBit(red && 0b10000000);
   937  06B1  01C8               	clrf	_sendRGB$53
   938  06B2  085D               	movf	sendRGB@red,w
   939  06B3  1903               	btfsc	3,2
   940  06B4  2EB7               	goto	l832
   941  06B5  01C8               	clrf	_sendRGB$53
   942  06B6  0AC8               	incf	_sendRGB$53,f
   943  06B7                     l832:	
   944  06B7  0848               	movf	_sendRGB$53,w
   945  06B8  120A  118A  2482  120A  118A  	fcall	_sendBit
   946                           
   947                           ;WS_Chip.c: 167: sendBit(red && 0b01000000);
   948  06BD  1283               	bcf	3,5	;RP0=0, select bank0
   949  06BE  1303               	bcf	3,6	;RP1=0, select bank0
   950  06BF  01C9               	clrf	_sendRGB$54
   951  06C0  085D               	movf	sendRGB@red,w
   952  06C1  1903               	btfsc	3,2
   953  06C2  2EC5               	goto	l840
   954  06C3  01C9               	clrf	_sendRGB$54
   955  06C4  0AC9               	incf	_sendRGB$54,f
   956  06C5                     l840:	
   957  06C5  0849               	movf	_sendRGB$54,w
   958  06C6  120A  118A  2482  120A  118A  	fcall	_sendBit
   959                           
   960                           ;WS_Chip.c: 168: sendBit(red && 0b00100000);
   961  06CB  1283               	bcf	3,5	;RP0=0, select bank0
   962  06CC  1303               	bcf	3,6	;RP1=0, select bank0
   963  06CD  01CA               	clrf	_sendRGB$55
   964  06CE  085D               	movf	sendRGB@red,w
   965  06CF  1903               	btfsc	3,2
   966  06D0  2ED3               	goto	l848
   967  06D1  01CA               	clrf	_sendRGB$55
   968  06D2  0ACA               	incf	_sendRGB$55,f
   969  06D3                     l848:	
   970  06D3  084A               	movf	_sendRGB$55,w
   971  06D4  120A  118A  2482  120A  118A  	fcall	_sendBit
   972                           
   973                           ;WS_Chip.c: 169: sendBit(red && 0b00010000);
   974  06D9  1283               	bcf	3,5	;RP0=0, select bank0
   975  06DA  1303               	bcf	3,6	;RP1=0, select bank0
   976  06DB  01CB               	clrf	_sendRGB$56
   977  06DC  085D               	movf	sendRGB@red,w
   978  06DD  1903               	btfsc	3,2
   979  06DE  2EE1               	goto	l856
   980  06DF  01CB               	clrf	_sendRGB$56
   981  06E0  0ACB               	incf	_sendRGB$56,f
   982  06E1                     l856:	
   983  06E1  084B               	movf	_sendRGB$56,w
   984  06E2  120A  118A  2482  120A  118A  	fcall	_sendBit
   985                           
   986                           ;WS_Chip.c: 170: sendBit(red && 0b00001000);
   987  06E7  1283               	bcf	3,5	;RP0=0, select bank0
   988  06E8  1303               	bcf	3,6	;RP1=0, select bank0
   989  06E9  01CC               	clrf	_sendRGB$57
   990  06EA  085D               	movf	sendRGB@red,w
   991  06EB  1903               	btfsc	3,2
   992  06EC  2EEF               	goto	l864
   993  06ED  01CC               	clrf	_sendRGB$57
   994  06EE  0ACC               	incf	_sendRGB$57,f
   995  06EF                     l864:	
   996  06EF  084C               	movf	_sendRGB$57,w
   997  06F0  120A  118A  2482  120A  118A  	fcall	_sendBit
   998                           
   999                           ;WS_Chip.c: 171: sendBit(red && 0b00000100);
  1000  06F5  1283               	bcf	3,5	;RP0=0, select bank0
  1001  06F6  1303               	bcf	3,6	;RP1=0, select bank0
  1002  06F7  01CD               	clrf	_sendRGB$58
  1003  06F8  085D               	movf	sendRGB@red,w
  1004  06F9  1903               	btfsc	3,2
  1005  06FA  2EFD               	goto	l872
  1006  06FB  01CD               	clrf	_sendRGB$58
  1007  06FC  0ACD               	incf	_sendRGB$58,f
  1008  06FD                     l872:	
  1009  06FD  084D               	movf	_sendRGB$58,w
  1010  06FE  120A  118A  2482  120A  118A  	fcall	_sendBit
  1011                           
  1012                           ;WS_Chip.c: 172: sendBit(red && 0b00000010);
  1013  0703  1283               	bcf	3,5	;RP0=0, select bank0
  1014  0704  1303               	bcf	3,6	;RP1=0, select bank0
  1015  0705  01CE               	clrf	_sendRGB$59
  1016  0706  085D               	movf	sendRGB@red,w
  1017  0707  1903               	btfsc	3,2
  1018  0708  2F0B               	goto	l880
  1019  0709  01CE               	clrf	_sendRGB$59
  1020  070A  0ACE               	incf	_sendRGB$59,f
  1021  070B                     l880:	
  1022  070B  084E               	movf	_sendRGB$59,w
  1023  070C  120A  118A  2482  120A  118A  	fcall	_sendBit
  1024                           
  1025                           ;WS_Chip.c: 173: sendBit(0);
  1026  0711  3000               	movlw	0
  1027  0712  120A  118A  2482  120A  118A  	fcall	_sendBit
  1028                           
  1029                           ;WS_Chip.c: 175: sendBit(green && 0b10000000);
  1030  0717  1283               	bcf	3,5	;RP0=0, select bank0
  1031  0718  1303               	bcf	3,6	;RP1=0, select bank0
  1032  0719  01CF               	clrf	_sendRGB$60
  1033  071A  0874               	movf	sendRGB@green,w
  1034  071B  1903               	btfsc	3,2
  1035  071C  2F1F               	goto	l888
  1036  071D  01CF               	clrf	_sendRGB$60
  1037  071E  0ACF               	incf	_sendRGB$60,f
  1038  071F                     l888:	
  1039  071F  084F               	movf	_sendRGB$60,w
  1040  0720  120A  118A  2482  120A  118A  	fcall	_sendBit
  1041                           
  1042                           ;WS_Chip.c: 176: sendBit(green && 0b01000000);
  1043  0725  1283               	bcf	3,5	;RP0=0, select bank0
  1044  0726  1303               	bcf	3,6	;RP1=0, select bank0
  1045  0727  01D0               	clrf	_sendRGB$61
  1046  0728  0874               	movf	sendRGB@green,w
  1047  0729  1903               	btfsc	3,2
  1048  072A  2F2D               	goto	l896
  1049  072B  01D0               	clrf	_sendRGB$61
  1050  072C  0AD0               	incf	_sendRGB$61,f
  1051  072D                     l896:	
  1052  072D  0850               	movf	_sendRGB$61,w
  1053  072E  120A  118A  2482  120A  118A  	fcall	_sendBit
  1054                           
  1055                           ;WS_Chip.c: 177: sendBit(green && 0b00100000);
  1056  0733  1283               	bcf	3,5	;RP0=0, select bank0
  1057  0734  1303               	bcf	3,6	;RP1=0, select bank0
  1058  0735  01D1               	clrf	_sendRGB$62
  1059  0736  0874               	movf	sendRGB@green,w
  1060  0737  1903               	btfsc	3,2
  1061  0738  2F3B               	goto	l904
  1062  0739  01D1               	clrf	_sendRGB$62
  1063  073A  0AD1               	incf	_sendRGB$62,f
  1064  073B                     l904:	
  1065  073B  0851               	movf	_sendRGB$62,w
  1066  073C  120A  118A  2482  120A  118A  	fcall	_sendBit
  1067                           
  1068                           ;WS_Chip.c: 178: sendBit(green && 0b00010000);
  1069  0741  1283               	bcf	3,5	;RP0=0, select bank0
  1070  0742  1303               	bcf	3,6	;RP1=0, select bank0
  1071  0743  01D2               	clrf	_sendRGB$63
  1072  0744  0874               	movf	sendRGB@green,w
  1073  0745  1903               	btfsc	3,2
  1074  0746  2F49               	goto	l912
  1075  0747  01D2               	clrf	_sendRGB$63
  1076  0748  0AD2               	incf	_sendRGB$63,f
  1077  0749                     l912:	
  1078  0749  0852               	movf	_sendRGB$63,w
  1079  074A  120A  118A  2482  120A  118A  	fcall	_sendBit
  1080                           
  1081                           ;WS_Chip.c: 179: sendBit(green && 0b00001000);
  1082  074F  1283               	bcf	3,5	;RP0=0, select bank0
  1083  0750  1303               	bcf	3,6	;RP1=0, select bank0
  1084  0751  01D3               	clrf	_sendRGB$64
  1085  0752  0874               	movf	sendRGB@green,w
  1086  0753  1903               	btfsc	3,2
  1087  0754  2F57               	goto	l920
  1088  0755  01D3               	clrf	_sendRGB$64
  1089  0756  0AD3               	incf	_sendRGB$64,f
  1090  0757                     l920:	
  1091  0757  0853               	movf	_sendRGB$64,w
  1092  0758  120A  118A  2482  120A  118A  	fcall	_sendBit
  1093                           
  1094                           ;WS_Chip.c: 180: sendBit(green && 0b00000100);
  1095  075D  1283               	bcf	3,5	;RP0=0, select bank0
  1096  075E  1303               	bcf	3,6	;RP1=0, select bank0
  1097  075F  01D4               	clrf	_sendRGB$65
  1098  0760  0874               	movf	sendRGB@green,w
  1099  0761  1903               	btfsc	3,2
  1100  0762  2F65               	goto	l928
  1101  0763  01D4               	clrf	_sendRGB$65
  1102  0764  0AD4               	incf	_sendRGB$65,f
  1103  0765                     l928:	
  1104  0765  0854               	movf	_sendRGB$65,w
  1105  0766  120A  118A  2482  120A  118A  	fcall	_sendBit
  1106                           
  1107                           ;WS_Chip.c: 181: sendBit(green && 0b00000010);
  1108  076B  1283               	bcf	3,5	;RP0=0, select bank0
  1109  076C  1303               	bcf	3,6	;RP1=0, select bank0
  1110  076D  01D5               	clrf	_sendRGB$66
  1111  076E  0874               	movf	sendRGB@green,w
  1112  076F  1903               	btfsc	3,2
  1113  0770  2F73               	goto	l936
  1114  0771  01D5               	clrf	_sendRGB$66
  1115  0772  0AD5               	incf	_sendRGB$66,f
  1116  0773                     l936:	
  1117  0773  0855               	movf	_sendRGB$66,w
  1118  0774  120A  118A  2482  120A  118A  	fcall	_sendBit
  1119                           
  1120                           ;WS_Chip.c: 182: sendBit(0);
  1121  0779  3000               	movlw	0
  1122  077A  120A  118A  2482  120A  118A  	fcall	_sendBit
  1123                           
  1124                           ;WS_Chip.c: 184: sendBit(blue && 0b10000000);
  1125  077F  1283               	bcf	3,5	;RP0=0, select bank0
  1126  0780  1303               	bcf	3,6	;RP1=0, select bank0
  1127  0781  01D6               	clrf	_sendRGB$67
  1128  0782  0875               	movf	sendRGB@blue,w
  1129  0783  1903               	btfsc	3,2
  1130  0784  2F87               	goto	l944
  1131  0785  01D6               	clrf	_sendRGB$67
  1132  0786  0AD6               	incf	_sendRGB$67,f
  1133  0787                     l944:	
  1134  0787  0856               	movf	_sendRGB$67,w
  1135  0788  120A  118A  2482  120A  118A  	fcall	_sendBit
  1136                           
  1137                           ;WS_Chip.c: 185: sendBit(blue && 0b01000000);
  1138  078D  1283               	bcf	3,5	;RP0=0, select bank0
  1139  078E  1303               	bcf	3,6	;RP1=0, select bank0
  1140  078F  01D7               	clrf	_sendRGB$68
  1141  0790  0875               	movf	sendRGB@blue,w
  1142  0791  1903               	btfsc	3,2
  1143  0792  2F95               	goto	l952
  1144  0793  01D7               	clrf	_sendRGB$68
  1145  0794  0AD7               	incf	_sendRGB$68,f
  1146  0795                     l952:	
  1147  0795  0857               	movf	_sendRGB$68,w
  1148  0796  120A  118A  2482  120A  118A  	fcall	_sendBit
  1149                           
  1150                           ;WS_Chip.c: 186: sendBit(blue && 0b00100000);
  1151  079B  1283               	bcf	3,5	;RP0=0, select bank0
  1152  079C  1303               	bcf	3,6	;RP1=0, select bank0
  1153  079D  01D8               	clrf	_sendRGB$69
  1154  079E  0875               	movf	sendRGB@blue,w
  1155  079F  1903               	btfsc	3,2
  1156  07A0  2FA3               	goto	l960
  1157  07A1  01D8               	clrf	_sendRGB$69
  1158  07A2  0AD8               	incf	_sendRGB$69,f
  1159  07A3                     l960:	
  1160  07A3  0858               	movf	_sendRGB$69,w
  1161  07A4  120A  118A  2482  120A  118A  	fcall	_sendBit
  1162                           
  1163                           ;WS_Chip.c: 187: sendBit(blue && 0b00010000);
  1164  07A9  1283               	bcf	3,5	;RP0=0, select bank0
  1165  07AA  1303               	bcf	3,6	;RP1=0, select bank0
  1166  07AB  01D9               	clrf	_sendRGB$70
  1167  07AC  0875               	movf	sendRGB@blue,w
  1168  07AD  1903               	btfsc	3,2
  1169  07AE  2FB1               	goto	l968
  1170  07AF  01D9               	clrf	_sendRGB$70
  1171  07B0  0AD9               	incf	_sendRGB$70,f
  1172  07B1                     l968:	
  1173  07B1  0859               	movf	_sendRGB$70,w
  1174  07B2  120A  118A  2482  120A  118A  	fcall	_sendBit
  1175                           
  1176                           ;WS_Chip.c: 188: sendBit(blue && 0b00001000);
  1177  07B7  1283               	bcf	3,5	;RP0=0, select bank0
  1178  07B8  1303               	bcf	3,6	;RP1=0, select bank0
  1179  07B9  01DA               	clrf	_sendRGB$71
  1180  07BA  0875               	movf	sendRGB@blue,w
  1181  07BB  1903               	btfsc	3,2
  1182  07BC  2FBF               	goto	l976
  1183  07BD  01DA               	clrf	_sendRGB$71
  1184  07BE  0ADA               	incf	_sendRGB$71,f
  1185  07BF                     l976:	
  1186  07BF  085A               	movf	_sendRGB$71,w
  1187  07C0  120A  118A  2482  120A  118A  	fcall	_sendBit
  1188                           
  1189                           ;WS_Chip.c: 189: sendBit(blue && 0b00000100);
  1190  07C5  1283               	bcf	3,5	;RP0=0, select bank0
  1191  07C6  1303               	bcf	3,6	;RP1=0, select bank0
  1192  07C7  01DB               	clrf	_sendRGB$72
  1193  07C8  0875               	movf	sendRGB@blue,w
  1194  07C9  1903               	btfsc	3,2
  1195  07CA  2FCD               	goto	l984
  1196  07CB  01DB               	clrf	_sendRGB$72
  1197  07CC  0ADB               	incf	_sendRGB$72,f
  1198  07CD                     l984:	
  1199  07CD  085B               	movf	_sendRGB$72,w
  1200  07CE  120A  118A  2482  120A  118A  	fcall	_sendBit
  1201                           
  1202                           ;WS_Chip.c: 190: sendBit(blue && 0b00000010);
  1203  07D3  1283               	bcf	3,5	;RP0=0, select bank0
  1204  07D4  1303               	bcf	3,6	;RP1=0, select bank0
  1205  07D5  01DC               	clrf	_sendRGB$73
  1206  07D6  0875               	movf	sendRGB@blue,w
  1207  07D7  1903               	btfsc	3,2
  1208  07D8  2FDB               	goto	l992
  1209  07D9  01DC               	clrf	_sendRGB$73
  1210  07DA  0ADC               	incf	_sendRGB$73,f
  1211  07DB                     l992:	
  1212  07DB  085C               	movf	_sendRGB$73,w
  1213  07DC  120A  118A  2482  120A  118A  	fcall	_sendBit
  1214                           
  1215                           ;WS_Chip.c: 191: sendBit(0);
  1216  07E1  3000               	movlw	0
  1217  07E2  120A  118A  2482  120A  118A  	fcall	_sendBit
  1218                           
  1219                           ;WS_Chip.c: 193: _delay((unsigned long)((50)*(20000000/4000000.0)));
  1220  07E7  3053               	movlw	83
  1221  07E8  00F6               	movwf	??_sendRGB
  1222  07E9                     u557:	
  1223  07E9  0BF6               	decfsz	??_sendRGB,f
  1224  07EA  2FE9               	goto	u557
  1225  07EB  0008               	return
  1226  07EC                     __end_of_sendRGB:	
  1227                           
  1228                           	psect	text3
  1229  0482                     __ptext3:	
  1230 ;; *************** function _sendBit *****************
  1231 ;; Defined at:
  1232 ;;		line 139 in file "WS_Chip.c"
  1233 ;; Parameters:    Size  Location     Type
  1234 ;;  HL              1    wreg     unsigned char 
  1235 ;; Auto vars:     Size  Location     Type
  1236 ;;  HL              1    0[COMMON] unsigned char 
  1237 ;; Return value:  Size  Location     Type
  1238 ;;		None               void
  1239 ;; Registers used:
  1240 ;;		wreg, status,2, status,0
  1241 ;; Tracked objects:
  1242 ;;		On entry : 0/0
  1243 ;;		On exit  : 0/0
  1244 ;;		Unchanged: 0/0
  1245 ;; Data sizes:     COMMON   BANK0   BANK1   BANK3   BANK2
  1246 ;;      Params:         0       0       0       0       0
  1247 ;;      Locals:         1       0       0       0       0
  1248 ;;      Temps:          0       0       0       0       0
  1249 ;;      Totals:         1       0       0       0       0
  1250 ;;Total ram usage:        1 bytes
  1251 ;; Hardware stack levels used:    1
  1252 ;; This function calls:
  1253 ;;		Nothing
  1254 ;; This function is called by:
  1255 ;;		_sendRGB
  1256 ;; This function uses a non-reentrant model
  1257 ;;
  1258                           
  1259                           
  1260                           ;psect for function _sendBit
  1261  0482                     _sendBit:	
  1262                           
  1263                           ;incstack = 0
  1264                           ; Regs used in _sendBit: [wreg+status,2+status,0]
  1265                           ;sendBit@HL stored from wreg
  1266  0482  00F0               	movwf	sendBit@HL
  1267                           
  1268                           ;WS_Chip.c: 141: if(HL == 1)
  1269  0483  0370               	decf	sendBit@HL,w
  1270  0484  1D03               	btfss	3,2
  1271  0485  2C95               	goto	l44
  1272                           
  1273                           ;WS_Chip.c: 142: {
  1274                           ;WS_Chip.c: 143: RD0 = 0;
  1275  0486  1283               	bcf	3,5	;RP0=0, select bank0
  1276  0487  1303               	bcf	3,6	;RP1=0, select bank0
  1277  0488  1008               	bcf	8,0	;volatile
  1278                           
  1279                           ;WS_Chip.c: 144: RD0 = 0;
  1280  0489  1008               	bcf	8,0	;volatile
  1281                           
  1282                           ;WS_Chip.c: 145: RD0 = 0;
  1283  048A  1008               	bcf	8,0	;volatile
  1284                           
  1285                           ;WS_Chip.c: 146: RD0 = 0;
  1286  048B  1008               	bcf	8,0	;volatile
  1287                           
  1288                           ;WS_Chip.c: 147: RD0 = 0;
  1289  048C  1008               	bcf	8,0	;volatile
  1290                           
  1291                           ;WS_Chip.c: 148: RD0 = 0;
  1292  048D  1008               	bcf	8,0	;volatile
  1293                           
  1294                           ;WS_Chip.c: 149: RD0 = 0;
  1295  048E  1008               	bcf	8,0	;volatile
  1296                           
  1297                           ;WS_Chip.c: 150: RD0 = 0;
  1298  048F  1008               	bcf	8,0	;volatile
  1299                           
  1300                           ;WS_Chip.c: 152: RD0 = 1;
  1301  0490  1408               	bsf	8,0	;volatile
  1302                           
  1303                           ;WS_Chip.c: 153: _delay((unsigned long)((1)*(20000000/4000000.0)));
  1304  0491  2C92               	nop2	;2 cycle nop
  1305  0492  2C93               	nop2	;2 cycle nop
  1306  0493  0000               	nop
  1307                           
  1308                           ;WS_Chip.c: 154: }
  1309  0494  0008               	return
  1310  0495                     l44:	
  1311                           
  1312                           ;WS_Chip.c: 155: else
  1313                           ;WS_Chip.c: 156: {
  1314                           ;WS_Chip.c: 157: RD0 = 0;
  1315  0495  1283               	bcf	3,5	;RP0=0, select bank0
  1316  0496  1303               	bcf	3,6	;RP1=0, select bank0
  1317  0497  1008               	bcf	8,0	;volatile
  1318                           
  1319                           ;WS_Chip.c: 158: RD0 = 0;
  1320  0498  1008               	bcf	8,0	;volatile
  1321                           
  1322                           ;WS_Chip.c: 159: RD0 = 1;
  1323  0499  1408               	bsf	8,0	;volatile
  1324                           
  1325                           ;WS_Chip.c: 160: _delay((unsigned long)((1)*(20000000/4000000.0)));
  1326  049A  2C9B               	nop2	;2 cycle nop
  1327  049B  2C9C               	nop2	;2 cycle nop
  1328  049C  0000               	nop
  1329  049D  0008               	return
  1330  049E                     __end_of_sendBit:	
  1331                           
  1332                           	psect	text4
  1333  0460                     __ptext4:	
  1334 ;; *************** function ___bmul *****************
  1335 ;; Defined at:
  1336 ;;		line 4 in file "/Applications/microchip/xc8/v1.35/sources/common/Umul8.c"
  1337 ;; Parameters:    Size  Location     Type
  1338 ;;  multiplier      1    wreg     unsigned char 
  1339 ;;  multiplicand    1    0[COMMON] unsigned char 
  1340 ;; Auto vars:     Size  Location     Type
  1341 ;;  multiplier      1    3[COMMON] unsigned char 
  1342 ;;  product         1    2[COMMON] unsigned char 
  1343 ;; Return value:  Size  Location     Type
  1344 ;;                  1    wreg      unsigned char 
  1345 ;; Registers used:
  1346 ;;		wreg, status,2, status,0
  1347 ;; Tracked objects:
  1348 ;;		On entry : 0/0
  1349 ;;		On exit  : 0/0
  1350 ;;		Unchanged: 0/0
  1351 ;; Data sizes:     COMMON   BANK0   BANK1   BANK3   BANK2
  1352 ;;      Params:         1       0       0       0       0
  1353 ;;      Locals:         2       0       0       0       0
  1354 ;;      Temps:          1       0       0       0       0
  1355 ;;      Totals:         4       0       0       0       0
  1356 ;;Total ram usage:        4 bytes
  1357 ;; Hardware stack levels used:    1
  1358 ;; This function calls:
  1359 ;;		Nothing
  1360 ;; This function is called by:
  1361 ;;		_sendLEDData
  1362 ;;		_main
  1363 ;; This function uses a non-reentrant model
  1364 ;;
  1365                           
  1366                           
  1367                           ;psect for function ___bmul
  1368  0460                     ___bmul:	
  1369                           
  1370                           ;incstack = 0
  1371                           ; Regs used in ___bmul: [wreg+status,2+status,0]
  1372                           ;___bmul@multiplier stored from wreg
  1373  0460  00F3               	movwf	___bmul@multiplier
  1374  0461  01F2               	clrf	___bmul@product
  1375  0462                     l998:	
  1376  0462  1C73               	btfss	___bmul@multiplier,0
  1377  0463  2C68               	goto	l1002
  1378  0464  0870               	movf	___bmul@multiplicand,w
  1379  0465  00F1               	movwf	??___bmul
  1380  0466  0871               	movf	??___bmul,w
  1381  0467  07F2               	addwf	___bmul@product,f
  1382  0468                     l1002:	
  1383  0468  1003               	clrc
  1384  0469  0DF0               	rlf	___bmul@multiplicand,f
  1385  046A  1003               	clrc
  1386  046B  0CF3               	rrf	___bmul@multiplier,f
  1387  046C  0873               	movf	___bmul@multiplier,w
  1388  046D  1D03               	btfss	3,2
  1389  046E  2C62               	goto	l998
  1390  046F  0872               	movf	___bmul@product,w
  1391  0470  0008               	return
  1392  0471                     __end_of___bmul:	
  1393                           
  1394                           	psect	text5
  1395  0447                     __ptext5:	
  1396 ;; *************** function _resetLED *****************
  1397 ;; Defined at:
  1398 ;;		line 206 in file "WS_Chip.c"
  1399 ;; Parameters:    Size  Location     Type
  1400 ;;		None
  1401 ;; Auto vars:     Size  Location     Type
  1402 ;;		None
  1403 ;; Return value:  Size  Location     Type
  1404 ;;		None               void
  1405 ;; Registers used:
  1406 ;;		wreg
  1407 ;; Tracked objects:
  1408 ;;		On entry : 0/0
  1409 ;;		On exit  : 0/0
  1410 ;;		Unchanged: 0/0
  1411 ;; Data sizes:     COMMON   BANK0   BANK1   BANK3   BANK2
  1412 ;;      Params:         0       0       0       0       0
  1413 ;;      Locals:         0       0       0       0       0
  1414 ;;      Temps:          2       0       0       0       0
  1415 ;;      Totals:         2       0       0       0       0
  1416 ;;Total ram usage:        2 bytes
  1417 ;; Hardware stack levels used:    1
  1418 ;; This function calls:
  1419 ;;		Nothing
  1420 ;; This function is called by:
  1421 ;;		_main
  1422 ;; This function uses a non-reentrant model
  1423 ;;
  1424                           
  1425                           
  1426                           ;psect for function _resetLED
  1427  0447                     _resetLED:	
  1428                           
  1429                           ;WS_Chip.c: 208: _delay((unsigned long)((500)*(20000000/4000000.0)));
  1430                           
  1431                           ;incstack = 0
  1432                           ; Regs used in _resetLED: [wreg]
  1433  0447  3004               	movlw	4
  1434  0448  00F1               	movwf	??_resetLED+1
  1435  0449  303D               	movlw	61
  1436  044A  00F0               	movwf	??_resetLED
  1437  044B                     u567:	
  1438  044B  0BF0               	decfsz	??_resetLED,f
  1439  044C  2C4B               	goto	u567
  1440  044D  0BF1               	decfsz	??_resetLED+1,f
  1441  044E  2C4B               	goto	u567
  1442  044F  2C50               	nop2
  1443  0450  0008               	return
  1444  0451                     __end_of_resetLED:	
  1445                           
  1446                           	psect	text6
  1447  0507                     __ptext6:	
  1448 ;; *************** function _initLED *****************
  1449 ;; Defined at:
  1450 ;;		line 107 in file "WS_Chip.c"
  1451 ;; Parameters:    Size  Location     Type
  1452 ;;		None
  1453 ;; Auto vars:     Size  Location     Type
  1454 ;;		None
  1455 ;; Return value:  Size  Location     Type
  1456 ;;		None               void
  1457 ;; Registers used:
  1458 ;;		status,2, status,0, pclath, cstack
  1459 ;; Tracked objects:
  1460 ;;		On entry : 0/0
  1461 ;;		On exit  : 0/0
  1462 ;;		Unchanged: 0/0
  1463 ;; Data sizes:     COMMON   BANK0   BANK1   BANK3   BANK2
  1464 ;;      Params:         0       0       0       0       0
  1465 ;;      Locals:         0       0       0       0       0
  1466 ;;      Temps:          0       0       0       0       0
  1467 ;;      Totals:         0       0       0       0       0
  1468 ;;Total ram usage:        0 bytes
  1469 ;; Hardware stack levels used:    1
  1470 ;; Hardware stack levels required when called:    1
  1471 ;; This function calls:
  1472 ;;		__0
  1473 ;;		__1
  1474 ;; This function is called by:
  1475 ;;		_main
  1476 ;; This function uses a non-reentrant model
  1477 ;;
  1478                           
  1479                           
  1480                           ;psect for function _initLED
  1481  0507                     _initLED:	
  1482                           
  1483                           ;WS_Chip.c: 109: _1();
  1484                           
  1485                           ;incstack = 0
  1486                           ; Regs used in _initLED: [status,2+status,0+pclath+cstack]
  1487  0507  120A  118A  2451  120A  118A  	fcall	__1
  1488                           
  1489                           ;WS_Chip.c: 110: _1();
  1490  050C  120A  118A  2451  120A  118A  	fcall	__1
  1491                           
  1492                           ;WS_Chip.c: 111: _1();
  1493  0511  120A  118A  2451  120A  118A  	fcall	__1
  1494                           
  1495                           ;WS_Chip.c: 112: _1();
  1496  0516  120A  118A  2451  120A  118A  	fcall	__1
  1497                           
  1498                           ;WS_Chip.c: 113: _1();
  1499  051B  120A  118A  2451  120A  118A  	fcall	__1
  1500                           
  1501                           ;WS_Chip.c: 114: _1();
  1502  0520  120A  118A  2451  120A  118A  	fcall	__1
  1503                           
  1504                           ;WS_Chip.c: 115: _1();
  1505  0525  120A  118A  2451  120A  118A  	fcall	__1
  1506                           
  1507                           ;WS_Chip.c: 116: _1();
  1508  052A  120A  118A  2451  120A  118A  	fcall	__1
  1509                           
  1510                           ;WS_Chip.c: 118: _1();
  1511  052F  120A  118A  2451  120A  118A  	fcall	__1
  1512                           
  1513                           ;WS_Chip.c: 119: _1();
  1514  0534  120A  118A  2451  120A  118A  	fcall	__1
  1515                           
  1516                           ;WS_Chip.c: 120: _1();
  1517  0539  120A  118A  2451  120A  118A  	fcall	__1
  1518                           
  1519                           ;WS_Chip.c: 121: _1();
  1520  053E  120A  118A  2451  120A  118A  	fcall	__1
  1521                           
  1522                           ;WS_Chip.c: 122: _1();
  1523  0543  120A  118A  2451  120A  118A  	fcall	__1
  1524                           
  1525                           ;WS_Chip.c: 124: _1();
  1526  0548  120A  118A  2451  120A  118A  	fcall	__1
  1527                           
  1528                           ;WS_Chip.c: 125: _1();
  1529  054D  120A  118A  2451  120A  118A  	fcall	__1
  1530                           
  1531                           ;WS_Chip.c: 126: _1();
  1532  0552  120A  118A  2451  120A  118A  	fcall	__1
  1533                           
  1534                           ;WS_Chip.c: 127: _1();
  1535  0557  120A  118A  2451  120A  118A  	fcall	__1
  1536                           
  1537                           ;WS_Chip.c: 128: _1();
  1538  055C  120A  118A  2451  120A  118A  	fcall	__1
  1539                           
  1540                           ;WS_Chip.c: 130: _1();
  1541  0561  120A  118A  2451  120A  118A  	fcall	__1
  1542                           
  1543                           ;WS_Chip.c: 131: _1();
  1544  0566  120A  118A  2451  120A  118A  	fcall	__1
  1545                           
  1546                           ;WS_Chip.c: 132: _1();
  1547  056B  120A  118A  2451  120A  118A  	fcall	__1
  1548                           
  1549                           ;WS_Chip.c: 133: _1();
  1550  0570  120A  118A  2451  120A  118A  	fcall	__1
  1551                           
  1552                           ;WS_Chip.c: 134: _1();
  1553  0575  120A  118A  2451  120A  118A  	fcall	__1
  1554                           
  1555                           ;WS_Chip.c: 136: _0();
  1556  057A  120A  118A  243E   	fcall	__0
  1557  057D  0008               	return
  1558  057E                     __end_of_initLED:	
  1559                           
  1560                           	psect	text7
  1561  0451                     __ptext7:	
  1562 ;; *************** function __1 *****************
  1563 ;; Defined at:
  1564 ;;		line 92 in file "WS_Chip.c"
  1565 ;; Parameters:    Size  Location     Type
  1566 ;;		None
  1567 ;; Auto vars:     Size  Location     Type
  1568 ;;		None
  1569 ;; Return value:  Size  Location     Type
  1570 ;;		None               void
  1571 ;; Registers used:
  1572 ;;		None
  1573 ;; Tracked objects:
  1574 ;;		On entry : 0/0
  1575 ;;		On exit  : 0/0
  1576 ;;		Unchanged: 0/0
  1577 ;; Data sizes:     COMMON   BANK0   BANK1   BANK3   BANK2
  1578 ;;      Params:         0       0       0       0       0
  1579 ;;      Locals:         0       0       0       0       0
  1580 ;;      Temps:          0       0       0       0       0
  1581 ;;      Totals:         0       0       0       0       0
  1582 ;;Total ram usage:        0 bytes
  1583 ;; Hardware stack levels used:    1
  1584 ;; This function calls:
  1585 ;;		Nothing
  1586 ;; This function is called by:
  1587 ;;		_initLED
  1588 ;; This function uses a non-reentrant model
  1589 ;;
  1590                           
  1591                           
  1592                           ;psect for function __1
  1593  0451                     __1:	
  1594                           
  1595                           ;WS_Chip.c: 94: RD0 = 0;
  1596                           
  1597                           ;incstack = 0
  1598                           ; Regs used in __1: []
  1599  0451  1283               	bcf	3,5	;RP0=0, select bank0
  1600  0452  1303               	bcf	3,6	;RP1=0, select bank0
  1601  0453  1008               	bcf	8,0	;volatile
  1602                           
  1603                           ;WS_Chip.c: 95: RD0 = 0;
  1604  0454  1008               	bcf	8,0	;volatile
  1605                           
  1606                           ;WS_Chip.c: 96: RD0 = 0;
  1607  0455  1008               	bcf	8,0	;volatile
  1608                           
  1609                           ;WS_Chip.c: 97: RD0 = 0;
  1610  0456  1008               	bcf	8,0	;volatile
  1611                           
  1612                           ;WS_Chip.c: 98: RD0 = 0;
  1613  0457  1008               	bcf	8,0	;volatile
  1614                           
  1615                           ;WS_Chip.c: 99: RD0 = 0;
  1616  0458  1008               	bcf	8,0	;volatile
  1617                           
  1618                           ;WS_Chip.c: 100: RD0 = 0;
  1619  0459  1008               	bcf	8,0	;volatile
  1620                           
  1621                           ;WS_Chip.c: 101: RD0 = 0;
  1622  045A  1008               	bcf	8,0	;volatile
  1623                           
  1624                           ;WS_Chip.c: 103: RD0 = 1;
  1625  045B  1408               	bsf	8,0	;volatile
  1626                           
  1627                           ;WS_Chip.c: 104: _delay((unsigned long)((1)*(20000000/4000000.0)));
  1628  045C  2C5D               	nop2	;2 cycle nop
  1629  045D  2C5E               	nop2	;2 cycle nop
  1630  045E  0000               	nop
  1631  045F  0008               	return
  1632  0460                     __end_of__1:	
  1633                           
  1634                           	psect	text8
  1635  043E                     __ptext8:	
  1636 ;; *************** function __0 *****************
  1637 ;; Defined at:
  1638 ;;		line 84 in file "WS_Chip.c"
  1639 ;; Parameters:    Size  Location     Type
  1640 ;;		None
  1641 ;; Auto vars:     Size  Location     Type
  1642 ;;		None
  1643 ;; Return value:  Size  Location     Type
  1644 ;;		None               void
  1645 ;; Registers used:
  1646 ;;		None
  1647 ;; Tracked objects:
  1648 ;;		On entry : 0/0
  1649 ;;		On exit  : 0/0
  1650 ;;		Unchanged: 0/0
  1651 ;; Data sizes:     COMMON   BANK0   BANK1   BANK3   BANK2
  1652 ;;      Params:         0       0       0       0       0
  1653 ;;      Locals:         0       0       0       0       0
  1654 ;;      Temps:          0       0       0       0       0
  1655 ;;      Totals:         0       0       0       0       0
  1656 ;;Total ram usage:        0 bytes
  1657 ;; Hardware stack levels used:    1
  1658 ;; This function calls:
  1659 ;;		Nothing
  1660 ;; This function is called by:
  1661 ;;		_initLED
  1662 ;; This function uses a non-reentrant model
  1663 ;;
  1664                           
  1665                           
  1666                           ;psect for function __0
  1667  043E                     __0:	
  1668                           
  1669                           ;WS_Chip.c: 86: RD0 = 0;
  1670                           
  1671                           ;incstack = 0
  1672                           ; Regs used in __0: []
  1673  043E  1283               	bcf	3,5	;RP0=0, select bank0
  1674  043F  1303               	bcf	3,6	;RP1=0, select bank0
  1675  0440  1008               	bcf	8,0	;volatile
  1676                           
  1677                           ;WS_Chip.c: 87: RD0 = 0;
  1678  0441  1008               	bcf	8,0	;volatile
  1679                           
  1680                           ;WS_Chip.c: 88: RD0 = 1;
  1681  0442  1408               	bsf	8,0	;volatile
  1682                           
  1683                           ;WS_Chip.c: 89: _delay((unsigned long)((1)*(20000000/4000000.0)));
  1684  0443  2C44               	nop2	;2 cycle nop
  1685  0444  2C45               	nop2	;2 cycle nop
  1686  0445  0000               	nop
  1687  0446  0008               	return
  1688  0447                     __end_of__0:	
  1689  007E                     btemp	set	126	;btemp
  1690  007E                     wtemp	set	126
  1691  007E                     wtemp0	set	126
  1692  0080                     wtemp1	set	128
  1693  0082                     wtemp2	set	130
  1694  0084                     wtemp3	set	132
  1695  0086                     wtemp4	set	134
  1696  0088                     wtemp5	set	136
  1697  007F                     wtemp6	set	127
  1698  007E                     ttemp	set	126
  1699  007E                     ttemp0	set	126
  1700  0081                     ttemp1	set	129
  1701  0084                     ttemp2	set	132
  1702  0087                     ttemp3	set	135
  1703  007F                     ttemp4	set	127
  1704  007E                     ltemp	set	126
  1705  007E                     ltemp0	set	126
  1706  0082                     ltemp1	set	130
  1707  0086                     ltemp2	set	134
  1708  0080                     ltemp3	set	128


Data Sizes:
    Strings     0
    Constant    0
    Data        40
    BSS         4
    Persistent  0
    Stack       0

Auto Spaces:
    Space          Size  Autos    Used
    COMMON           14     14      14
    BANK0            80     25      69
    BANK1            80      0       0
    BANK3            96      0       0
    BANK2            96      0       0

Pointer List with Targets:

    None.

Critical Paths under _main in COMMON

    _main->_sendLEDData
    _sendLEDData->_sendRGB
    _sendRGB->___bmul

Critical Paths under _main in BANK0

    _sendLEDData->_sendRGB

Critical Paths under _main in BANK1

    None.

Critical Paths under _main in BANK3

    None.

Critical Paths under _main in BANK2

    None.

Call Graph Tables:

 ---------------------------------------------------------------------------------
 (Depth) Function   	        Calls       Base Space   Used Autos Params    Refs
 ---------------------------------------------------------------------------------
 (0) _main                                                 3     3      0    2120
                                             22 BANK0      3     3      0
                             ___bmul
                            _initLED
                           _resetLED
                        _sendLEDData
 ---------------------------------------------------------------------------------
 (1) _sendLEDData                                          8     7      1    1716
                                              7 COMMON     7     6      1
                             ___bmul
                            _sendRGB
 ---------------------------------------------------------------------------------
 (2) _sendRGB                                             25    23      2    1094
                                              4 COMMON     3     1      2
                                              0 BANK0     22    22      0
                             ___bmul (ARG)
                            _sendBit
 ---------------------------------------------------------------------------------
 (3) _sendBit                                              1     1      0      22
                                              0 COMMON     1     1      0
 ---------------------------------------------------------------------------------
 (2) ___bmul                                               4     3      1     404
                                              0 COMMON     4     3      1
 ---------------------------------------------------------------------------------
 (1) _resetLED                                             2     2      0       0
                                              0 COMMON     2     2      0
 ---------------------------------------------------------------------------------
 (1) _initLED                                              0     0      0       0
                                 __0
                                 __1
 ---------------------------------------------------------------------------------
 (2) __1                                                   0     0      0       0
 ---------------------------------------------------------------------------------
 (2) __0                                                   0     0      0       0
 ---------------------------------------------------------------------------------
 Estimated maximum stack depth 3
 ---------------------------------------------------------------------------------

 Call Graph Graphs:

 _main (ROOT)
   ___bmul
   _initLED
     __0
     __1
   _resetLED
   _sendLEDData
     ___bmul
     _sendRGB
       ___bmul (ARG)
       _sendBit (ARG)

 Address spaces:
Name               Size   Autos  Total    Cost      Usage
BANK3               60      0       0       9        0.0%
BITBANK3            60      0       0       8        0.0%
SFR3                 0      0       0       4        0.0%
BITSFR3              0      0       0       4        0.0%
BANK2               60      0       0      11        0.0%
BITBANK2            60      0       0      10        0.0%
SFR2                 0      0       0       5        0.0%
BITSFR2              0      0       0       5        0.0%
BANK1               50      0       0       7        0.0%
BITBANK1            50      0       0       6        0.0%
SFR1                 0      0       0       2        0.0%
BITSFR1              0      0       0       2        0.0%
BANK0               50     19      45       5       86.2%
BITBANK0            50      0       0       4        0.0%
SFR0                 0      0       0       1        0.0%
BITSFR0              0      0       0       1        0.0%
COMMON               E      E       E       1      100.0%
BITCOMMON            E      0       0       0        0.0%
CODE                 0      0       0       0        0.0%
DATA                 0      0      53      12        0.0%
ABS                  0      0      53       3        0.0%
NULL                 0      0       0       0        0.0%
STACK                0      0       0       2        0.0%
EEDATA             100      0       0       0        0.0%


Microchip Technology PIC Macro Assembler V1.35 build -356382666 
Symbol Table                                                                                   Sat Oct 31 20:02:09 2015

                      _i 0061                        pc 0002           ___bmul@product 0072  
            __CFG_CP$OFF 0000                       l44 0495                       __0 043E  
                     __1 0451                       fsr 0004              __CFG_LVP$ON 0000  
                    ?__0 0070                      ?__1 0070                      l103 05CF  
                    l920 0757                      l912 0749                      l904 073B  
                    l840 06C5                      l832 06B7                      l960 07A3  
                    l952 0795                      l944 0787                      l936 0773  
                    l928 0765                      l880 070B                      l872 06FD  
                    l864 06EF                      l856 06E1                      l848 06D3  
                    l992 07DB                      l984 07CD                      l976 07BF  
                    l968 07B1                      l896 072D                      l888 071F  
                    _GIE 005F                      l998 0462                      _RD0 0040  
           __CFG_CPD$OFF 0000                      u527 0590                      u537 05AE  
                    u547 06A6                      u557 07E9                      u567 044B  
                    fsr0 0004                      indf 0000             __CFG_FOSC$HS 0000  
                   ??__0 0070                     ??__1 0070                     l1002 0468  
                   l1018 04C7             __CFG_WRT$OFF 0000            __CFG_FCMEN$ON 0000  
                   _main 057E                     btemp 007E                     ltemp 007E  
                   start 0000                     ttemp 007E                     wtemp 007E  
          __CFG_IESO$OFF 0000        ___bmul@multiplier 0073            __CFG_MCLRE$ON 0000  
                  ?_main 0070            __CFG_WDTE$OFF 0000          __end_of_initLED 057E  
        __end_of_sendRGB 07EC          __end_of_sendBit 049E           __CFG_BOREN$OFF 0000  
                  pclath 000A                    ltemp0 007E                    ltemp1 0082  
                  ltemp2 0086                    ltemp3 0080             ?_sendLEDData 0077  
                  ttemp0 007E                    ttemp1 0081                    ttemp2 0084  
                  ttemp3 0087                    ttemp4 007F                    status 0003  
                  wtemp0 007E                    wtemp1 0080                    wtemp2 0082  
                  wtemp3 0084                    wtemp4 0086                    wtemp5 0088  
                  wtemp6 007F          __initialization 07EC             __end_of_main 06AE  
                 ??_main 005E           sendLEDData@LED 0070                   _TRISD0 0440  
         __CFG_PWRTE$OFF 0000                   ___bmul 0460                   _index1 0062  
                 _index2 0020                   _index3 0021                   _index4 0063  
                 _index5 0022                   _index6 0023                ??_initLED 0070  
       __end_of_resetLED 0451                ??_sendRGB 0076                ??_sendBit 0070  
__end_of__initialization 07FC      ___bmul@multiplicand 0070           __pcstackCOMMON 0070  
           __pidataBANK0 049E               __end_of__0 0447               __end_of__1 0460  
            sendRGB@blue 0075               __pbssBANK0 0061     __size_of_sendLEDData 0041  
             __pmaintext 057E                  ?___bmul 0070                  _LEDData 0024  
              ?_resetLED 0070          __size_of___bmul 0011                  __ptext1 04C6  
                __ptext2 06AE                  __ptext3 0482                  __ptext4 0460  
                __ptext5 0447                  __ptext6 0507                  __ptext7 0451  
                __ptext8 043E                  _initLED 0507               _sendRGB$60 004F  
             _sendRGB$61 0050               _sendRGB$53 0048               _sendRGB$70 0059  
             _sendRGB$62 0051               _sendRGB$54 0049               _sendRGB$71 005A  
             _sendRGB$63 0052               _sendRGB$55 004A               _sendRGB$72 005B  
             _sendRGB$64 0053               _sendRGB$56 004B               _sendRGB$73 005C  
             _sendRGB$65 0054               _sendRGB$57 004C               _sendRGB$66 0055  
             _sendRGB$58 004D               _sendRGB$67 0056               _sendRGB$59 004E  
             _sendRGB$68 0057               _sendRGB$69 0058                  _sendRGB 06AE  
                _sendBit 0482     end_of_initialization 07FC               ??_resetLED 0070  
           sendLEDData@i 007D           __end_of___bmul 0471      start_initialization 07EC  
           sendRGB@green 0074                 ??___bmul 0071               init_fetch0 0471  
            __pdataBANK0 0020                ___latbits 0002            __pcstackBANK0 0048  
             sendRGB@red 005D            ??_sendLEDData 0078        __size_of_resetLED 000A  
               ?_initLED 0070                _indexHelp 0064                 ?_sendRGB 0074  
               ?_sendBit 0070              __size_of__0 0009              __size_of__1 000F  
    __end_of_sendLEDData 0507     sendLEDData@LEDNumber 0077                sendBit@HL 0070  
       __size_of_initLED 0077         __size_of_sendRGB 013E         __size_of_sendBit 001C  
      __CFG_BOR4V$BOR40V 0000              _sendLEDData 04C6            __size_of_main 0130  
               _resetLED 0447                 init_ram0 0475  
